0 info it worked if it ends with ok
1 verbose cli [ '/usr/bin/node', '/usr/bin/npm', 'start' ]
2 info using npm@3.10.10
3 info using node@v6.13.0
4 verbose run-script [ 'prestart', 'start', 'poststart' ]
5 info lifecycle expressproject@0.0.0~prestart: expressproject@0.0.0
6 verbose lifecycle expressproject@0.0.0~prestart: unsafe-perm in lifecycle true
7 verbose lifecycle expressproject@0.0.0~prestart: PATH: /usr/lib/node_modules/npm/bin/node-gyp-bin:/home/lcheong/CSE356/ttt/node_modules/.bin:/usr/local/sbin:/usr/local/bin:/usr/sbin:/usr/bin:/sbin:/bin:/snap/bin
8 verbose lifecycle expressproject@0.0.0~prestart: CWD: /home/lcheong/CSE356/ttt
9 silly lifecycle expressproject@0.0.0~prestart: Args: [ '-c', 'sudo mongod --fork --logpath /var/log/mongodb.log' ]
10 silly lifecycle expressproject@0.0.0~prestart: Returned: code: 0  signal: null
11 info lifecycle expressproject@0.0.0~start: expressproject@0.0.0
12 verbose lifecycle expressproject@0.0.0~start: unsafe-perm in lifecycle true
13 verbose lifecycle expressproject@0.0.0~start: PATH: /usr/lib/node_modules/npm/bin/node-gyp-bin:/home/lcheong/CSE356/ttt/node_modules/.bin:/usr/local/sbin:/usr/local/bin:/usr/sbin:/usr/bin:/sbin:/bin:/snap/bin
14 verbose lifecycle expressproject@0.0.0~start: CWD: /home/lcheong/CSE356/ttt
15 silly lifecycle expressproject@0.0.0~start: Args: [ '-c', 'node ./bin/www' ]
16 silly lifecycle expressproject@0.0.0~start: Returned: code: 1  signal: null
17 info lifecycle expressproject@0.0.0~start: Failed to exec start script
18 verbose stack Error: expressproject@0.0.0 start: `node ./bin/www`
18 verbose stack Exit status 1
18 verbose stack     at EventEmitter.<anonymous> (/usr/lib/node_modules/npm/lib/utils/lifecycle.js:255:16)
18 verbose stack     at emitTwo (events.js:106:13)
18 verbose stack     at EventEmitter.emit (events.js:191:7)
18 verbose stack     at ChildProcess.<anonymous> (/usr/lib/node_modules/npm/lib/utils/spawn.js:40:14)
18 verbose stack     at emitTwo (events.js:106:13)
18 verbose stack     at ChildProcess.emit (events.js:191:7)
18 verbose stack     at maybeClose (internal/child_process.js:920:16)
18 verbose stack     at Process.ChildProcess._handle.onexit (internal/child_process.js:230:5)
19 verbose pkgid expressproject@0.0.0
20 verbose cwd /home/lcheong/CSE356/ttt
21 error Linux 4.4.96-12272-g2cbee1af2bec-dirty
22 error argv "/usr/bin/node" "/usr/bin/npm" "start"
23 error node v6.13.0
24 error npm  v3.10.10
25 error code ELIFECYCLE
26 error expressproject@0.0.0 start: `node ./bin/www`
26 error Exit status 1
27 error Failed at the expressproject@0.0.0 start script 'node ./bin/www'.
27 error Make sure you have the latest version of node.js and npm installed.
27 error If you do, this is most likely a problem with the expressproject package,
27 error not with npm itself.
27 error Tell the author that this fails on your system:
27 error     node ./bin/www
27 error You can get information on how to open an issue for this project with:
27 error     npm bugs expressproject
27 error Or if that isn't available, you can get their info via:
27 error     npm owner ls expressproject
27 error There is likely additional logging output above.
28 verbose exit [ 1, true ]
